<?xml version="1.0" encoding="UTF-8"?>
<testsuite name="com.API.Pizzapp.WeedWebEcommerceApplicationTests" tests="1" skipped="0" failures="0" errors="0" timestamp="2023-12-18T22:28:55" hostname="DESKTOP-BUIKG96" time="0.454">
  <properties/>
  <testcase name="contextLoads()" classname="com.API.Pizzapp.WeedWebEcommerceApplicationTests" time="0.454"/>
  <system-out><![CDATA[17:28:45.064 [Test worker] INFO org.springframework.test.context.support.AnnotationConfigContextLoaderUtils -- Could not detect default configuration classes for test class [com.API.Pizzapp.WeedWebEcommerceApplicationTests]: WeedWebEcommerceApplicationTests does not declare any static, non-private, non-final, nested classes annotated with @Configuration.
17:28:45.203 [Test worker] INFO org.springframework.boot.test.context.SpringBootTestContextBootstrapper -- Found @SpringBootConfiguration com.API.Pizzapp.WeedWebEcommerceApplication for test class com.API.Pizzapp.WeedWebEcommerceApplicationTests

  .   ____          _            __ _ _
 /\\ / ___'_ __ _ _(_)_ __  __ _ \ \ \ \
( ( )\___ | '_ | '_| | '_ \/ _` | \ \ \ \
 \\/  ___)| |_)| | | | | || (_| |  ) ) ) )
  '  |____| .__|_| |_|_| |_\__, | / / / /
 =========|_|==============|___/=/_/_/_/
 :: Spring Boot ::                (v3.1.5)

2023-12-18T17:28:45.754-05:00  INFO 27460 --- [    Test worker] c.A.P.WeedWebEcommerceApplicationTests   : Starting WeedWebEcommerceApplicationTests using Java 17.0.7 with PID 27460 (started by Marlon Anacona in E:\Documentos\desarrollo\Ecommorce)
2023-12-18T17:28:45.756-05:00  INFO 27460 --- [    Test worker] c.A.P.WeedWebEcommerceApplicationTests   : No active profile set, falling back to 1 default profile: "default"
2023-12-18T17:28:46.553-05:00  INFO 27460 --- [    Test worker] .s.d.r.c.RepositoryConfigurationDelegate : Multiple Spring Data modules found, entering strict repository configuration mode
2023-12-18T17:28:46.555-05:00  INFO 27460 --- [    Test worker] .s.d.r.c.RepositoryConfigurationDelegate : Bootstrapping Spring Data JDBC repositories in DEFAULT mode.
2023-12-18T17:28:46.602-05:00  INFO 27460 --- [    Test worker] .RepositoryConfigurationExtensionSupport : Spring Data JDBC - Could not safely identify store assignment for repository candidate interface com.API.Pizzapp.Repository.CategoryRepository; If you want this repository to be a JDBC repository, consider annotating your entities with one of these annotations: org.springframework.data.relational.core.mapping.Table.
2023-12-18T17:28:46.605-05:00  INFO 27460 --- [    Test worker] .RepositoryConfigurationExtensionSupport : Spring Data JDBC - Could not safely identify store assignment for repository candidate interface com.API.Pizzapp.Repository.ProductRepository; If you want this repository to be a JDBC repository, consider annotating your entities with one of these annotations: org.springframework.data.relational.core.mapping.Table.
2023-12-18T17:28:46.607-05:00  INFO 27460 --- [    Test worker] .RepositoryConfigurationExtensionSupport : Spring Data JDBC - Could not safely identify store assignment for repository candidate interface com.API.Pizzapp.Repository.PurchaseItemRepository; If you want this repository to be a JDBC repository, consider annotating your entities with one of these annotations: org.springframework.data.relational.core.mapping.Table.
2023-12-18T17:28:46.609-05:00  INFO 27460 --- [    Test worker] .RepositoryConfigurationExtensionSupport : Spring Data JDBC - Could not safely identify store assignment for repository candidate interface com.API.Pizzapp.Repository.PurchaseRepository; If you want this repository to be a JDBC repository, consider annotating your entities with one of these annotations: org.springframework.data.relational.core.mapping.Table.
2023-12-18T17:28:46.610-05:00  INFO 27460 --- [    Test worker] .s.d.r.c.RepositoryConfigurationDelegate : Finished Spring Data repository scanning in 47 ms. Found 0 JDBC repository interfaces.
2023-12-18T17:28:46.622-05:00  INFO 27460 --- [    Test worker] .s.d.r.c.RepositoryConfigurationDelegate : Multiple Spring Data modules found, entering strict repository configuration mode
2023-12-18T17:28:46.624-05:00  INFO 27460 --- [    Test worker] .s.d.r.c.RepositoryConfigurationDelegate : Bootstrapping Spring Data JPA repositories in DEFAULT mode.
2023-12-18T17:28:46.665-05:00  INFO 27460 --- [    Test worker] .s.d.r.c.RepositoryConfigurationDelegate : Finished Spring Data repository scanning in 37 ms. Found 4 JPA repository interfaces.
2023-12-18T17:28:47.202-05:00  INFO 27460 --- [    Test worker] o.hibernate.jpa.internal.util.LogHelper  : HHH000204: Processing PersistenceUnitInfo [name: default]
2023-12-18T17:28:47.289-05:00  INFO 27460 --- [    Test worker] org.hibernate.Version                    : HHH000412: Hibernate ORM core version 6.2.13.Final
2023-12-18T17:28:47.292-05:00  INFO 27460 --- [    Test worker] org.hibernate.cfg.Environment            : HHH000406: Using bytecode reflection optimizer
2023-12-18T17:28:47.669-05:00  INFO 27460 --- [    Test worker] o.s.o.j.p.SpringPersistenceUnitInfo      : No LoadTimeWeaver setup: ignoring JPA class transformer
2023-12-18T17:28:47.713-05:00  INFO 27460 --- [    Test worker] com.zaxxer.hikari.HikariDataSource       : HikariPool-1 - Starting...
2023-12-18T17:28:49.494-05:00  INFO 27460 --- [    Test worker] com.zaxxer.hikari.pool.HikariPool        : HikariPool-1 - Added connection org.postgresql.jdbc.PgConnection@1bb3d045
2023-12-18T17:28:49.495-05:00  INFO 27460 --- [    Test worker] com.zaxxer.hikari.HikariDataSource       : HikariPool-1 - Start completed.
2023-12-18T17:28:49.686-05:00  WARN 27460 --- [    Test worker] org.hibernate.orm.deprecation            : HHH90000025: PostgreSQLDialect does not need to be specified explicitly using 'hibernate.dialect' (remove the property setting and it will be selected by default)
2023-12-18T17:28:51.076-05:00  INFO 27460 --- [    Test worker] o.h.e.t.j.p.i.JtaPlatformInitiator       : HHH000489: No JTA platform available (set 'hibernate.transaction.jta.platform' to enable JTA platform integration)
2023-12-18T17:28:53.916-05:00  INFO 27460 --- [    Test worker] j.LocalContainerEntityManagerFactoryBean : Initialized JPA EntityManagerFactory for persistence unit 'default'
2023-12-18T17:28:54.191-05:00  INFO 27460 --- [    Test worker] o.s.d.j.r.query.QueryEnhancerFactory     : Hibernate is in classpath; If applicable, HQL parser will be used.
2023-12-18T17:28:54.812-05:00  WARN 27460 --- [    Test worker] JpaBaseConfiguration$JpaWebConfiguration : spring.jpa.open-in-view is enabled by default. Therefore, database queries may be performed during view rendering. Explicitly configure spring.jpa.open-in-view to disable this warning
2023-12-18T17:28:54.949-05:00  INFO 27460 --- [    Test worker] o.s.s.web.DefaultSecurityFilterChain     : Will secure any request with [org.springframework.security.web.session.DisableEncodeUrlFilter@10bdcac9, org.springframework.security.web.context.request.async.WebAsyncManagerIntegrationFilter@7b8b1429, org.springframework.security.web.context.SecurityContextHolderFilter@176d0921, org.springframework.security.web.header.HeaderWriterFilter@331de830, org.springframework.web.filter.CorsFilter@10a1e7d6, org.springframework.security.web.authentication.logout.LogoutFilter@224ac885, com.API.Pizzapp.Security.JwtAuthenticationFilter@413d8fb2, org.springframework.security.web.savedrequest.RequestCacheAwareFilter@7b41a3f9, org.springframework.security.web.servletapi.SecurityContextHolderAwareRequestFilter@57a205c1, org.springframework.security.web.authentication.AnonymousAuthenticationFilter@14aa3650, org.springframework.security.web.session.SessionManagementFilter@1bb68980, org.springframework.security.web.access.ExceptionTranslationFilter@15348b93, org.springframework.security.web.access.intercept.AuthorizationFilter@447b1bb6]
2023-12-18T17:28:55.679-05:00  INFO 27460 --- [    Test worker] c.A.P.WeedWebEcommerceApplicationTests   : Started WeedWebEcommerceApplicationTests in 10.263 seconds (process running for 11.903)
]]></system-out>
  <system-err><![CDATA[]]></system-err>
</testsuite>
