<?xml version="1.0" encoding="UTF-8"?>
<testsuite name="com.API.Pizzapp.WeedWebEcommerceApplicationTests" tests="1" skipped="0" failures="0" errors="0" timestamp="2023-12-17T15:48:13" hostname="DESKTOP-BUIKG96" time="0.47">
  <properties/>
  <testcase name="contextLoads()" classname="com.API.Pizzapp.WeedWebEcommerceApplicationTests" time="0.47"/>
  <system-out><![CDATA[10:48:03.033 [Test worker] INFO org.springframework.test.context.support.AnnotationConfigContextLoaderUtils -- Could not detect default configuration classes for test class [com.API.Pizzapp.WeedWebEcommerceApplicationTests]: WeedWebEcommerceApplicationTests does not declare any static, non-private, non-final, nested classes annotated with @Configuration.
10:48:03.173 [Test worker] INFO org.springframework.boot.test.context.SpringBootTestContextBootstrapper -- Found @SpringBootConfiguration com.API.Pizzapp.WeedWebEcommerceApplication for test class com.API.Pizzapp.WeedWebEcommerceApplicationTests

  .   ____          _            __ _ _
 /\\ / ___'_ __ _ _(_)_ __  __ _ \ \ \ \
( ( )\___ | '_ | '_| | '_ \/ _` | \ \ \ \
 \\/  ___)| |_)| | | | | || (_| |  ) ) ) )
  '  |____| .__|_| |_|_| |_\__, | / / / /
 =========|_|==============|___/=/_/_/_/
 :: Spring Boot ::                (v3.1.5)

2023-12-17T10:48:03.737-05:00  INFO 4772 --- [    Test worker] c.A.P.WeedWebEcommerceApplicationTests   : Starting WeedWebEcommerceApplicationTests using Java 17.0.7 with PID 4772 (started by Marlon Anacona in E:\Documentos\desarrollo\Ecommorce)
2023-12-17T10:48:03.739-05:00  INFO 4772 --- [    Test worker] c.A.P.WeedWebEcommerceApplicationTests   : No active profile set, falling back to 1 default profile: "default"
2023-12-17T10:48:04.599-05:00  INFO 4772 --- [    Test worker] .s.d.r.c.RepositoryConfigurationDelegate : Multiple Spring Data modules found, entering strict repository configuration mode
2023-12-17T10:48:04.601-05:00  INFO 4772 --- [    Test worker] .s.d.r.c.RepositoryConfigurationDelegate : Bootstrapping Spring Data JDBC repositories in DEFAULT mode.
2023-12-17T10:48:04.651-05:00  INFO 4772 --- [    Test worker] .RepositoryConfigurationExtensionSupport : Spring Data JDBC - Could not safely identify store assignment for repository candidate interface com.API.Pizzapp.Repository.CategoryRepository; If you want this repository to be a JDBC repository, consider annotating your entities with one of these annotations: org.springframework.data.relational.core.mapping.Table.
2023-12-17T10:48:04.654-05:00  INFO 4772 --- [    Test worker] .RepositoryConfigurationExtensionSupport : Spring Data JDBC - Could not safely identify store assignment for repository candidate interface com.API.Pizzapp.Repository.ProductRepository; If you want this repository to be a JDBC repository, consider annotating your entities with one of these annotations: org.springframework.data.relational.core.mapping.Table.
2023-12-17T10:48:04.656-05:00  INFO 4772 --- [    Test worker] .RepositoryConfigurationExtensionSupport : Spring Data JDBC - Could not safely identify store assignment for repository candidate interface com.API.Pizzapp.Repository.PurchaseItemRepository; If you want this repository to be a JDBC repository, consider annotating your entities with one of these annotations: org.springframework.data.relational.core.mapping.Table.
2023-12-17T10:48:04.658-05:00  INFO 4772 --- [    Test worker] .RepositoryConfigurationExtensionSupport : Spring Data JDBC - Could not safely identify store assignment for repository candidate interface com.API.Pizzapp.Repository.PurchaseRepository; If you want this repository to be a JDBC repository, consider annotating your entities with one of these annotations: org.springframework.data.relational.core.mapping.Table.
2023-12-17T10:48:04.659-05:00  INFO 4772 --- [    Test worker] .s.d.r.c.RepositoryConfigurationDelegate : Finished Spring Data repository scanning in 51 ms. Found 0 JDBC repository interfaces.
2023-12-17T10:48:04.671-05:00  INFO 4772 --- [    Test worker] .s.d.r.c.RepositoryConfigurationDelegate : Multiple Spring Data modules found, entering strict repository configuration mode
2023-12-17T10:48:04.672-05:00  INFO 4772 --- [    Test worker] .s.d.r.c.RepositoryConfigurationDelegate : Bootstrapping Spring Data JPA repositories in DEFAULT mode.
2023-12-17T10:48:04.714-05:00  INFO 4772 --- [    Test worker] .s.d.r.c.RepositoryConfigurationDelegate : Finished Spring Data repository scanning in 37 ms. Found 4 JPA repository interfaces.
2023-12-17T10:48:05.274-05:00  INFO 4772 --- [    Test worker] o.hibernate.jpa.internal.util.LogHelper  : HHH000204: Processing PersistenceUnitInfo [name: default]
2023-12-17T10:48:05.365-05:00  INFO 4772 --- [    Test worker] org.hibernate.Version                    : HHH000412: Hibernate ORM core version 6.2.13.Final
2023-12-17T10:48:05.374-05:00  INFO 4772 --- [    Test worker] org.hibernate.cfg.Environment            : HHH000406: Using bytecode reflection optimizer
2023-12-17T10:48:05.860-05:00  INFO 4772 --- [    Test worker] o.s.o.j.p.SpringPersistenceUnitInfo      : No LoadTimeWeaver setup: ignoring JPA class transformer
2023-12-17T10:48:05.903-05:00  INFO 4772 --- [    Test worker] com.zaxxer.hikari.HikariDataSource       : HikariPool-1 - Starting...
2023-12-17T10:48:07.666-05:00  INFO 4772 --- [    Test worker] com.zaxxer.hikari.pool.HikariPool        : HikariPool-1 - Added connection org.postgresql.jdbc.PgConnection@40957c86
2023-12-17T10:48:07.669-05:00  INFO 4772 --- [    Test worker] com.zaxxer.hikari.HikariDataSource       : HikariPool-1 - Start completed.
2023-12-17T10:48:07.861-05:00  WARN 4772 --- [    Test worker] org.hibernate.orm.deprecation            : HHH90000025: PostgreSQLDialect does not need to be specified explicitly using 'hibernate.dialect' (remove the property setting and it will be selected by default)
2023-12-17T10:48:09.434-05:00  INFO 4772 --- [    Test worker] o.h.e.t.j.p.i.JtaPlatformInitiator       : HHH000489: No JTA platform available (set 'hibernate.transaction.jta.platform' to enable JTA platform integration)
2023-12-17T10:48:12.001-05:00  INFO 4772 --- [    Test worker] j.LocalContainerEntityManagerFactoryBean : Initialized JPA EntityManagerFactory for persistence unit 'default'
2023-12-17T10:48:12.281-05:00  INFO 4772 --- [    Test worker] o.s.d.j.r.query.QueryEnhancerFactory     : Hibernate is in classpath; If applicable, HQL parser will be used.
2023-12-17T10:48:12.889-05:00  WARN 4772 --- [    Test worker] JpaBaseConfiguration$JpaWebConfiguration : spring.jpa.open-in-view is enabled by default. Therefore, database queries may be performed during view rendering. Explicitly configure spring.jpa.open-in-view to disable this warning
2023-12-17T10:48:13.004-05:00  INFO 4772 --- [    Test worker] o.s.s.web.DefaultSecurityFilterChain     : Will secure any request with [org.springframework.security.web.session.DisableEncodeUrlFilter@7a3c0dc6, org.springframework.security.web.context.request.async.WebAsyncManagerIntegrationFilter@35d8229f, org.springframework.security.web.context.SecurityContextHolderFilter@4b0f130f, org.springframework.security.web.header.HeaderWriterFilter@50dffc4, org.springframework.security.web.authentication.logout.LogoutFilter@29e954ad, com.API.Pizzapp.Security.JwtAuthenticationFilter@59acd373, org.springframework.security.web.savedrequest.RequestCacheAwareFilter@3c3b644b, org.springframework.security.web.servletapi.SecurityContextHolderAwareRequestFilter@24aa7410, org.springframework.security.web.authentication.AnonymousAuthenticationFilter@64c47c1c, org.springframework.security.web.session.SessionManagementFilter@6e77d9e6, org.springframework.security.web.access.ExceptionTranslationFilter@517b41f, org.springframework.security.web.access.intercept.AuthorizationFilter@5233a315]
2023-12-17T10:48:13.806-05:00  INFO 4772 --- [    Test worker] c.A.P.WeedWebEcommerceApplicationTests   : Started WeedWebEcommerceApplicationTests in 10.412 seconds (process running for 12.141)
]]></system-out>
  <system-err><![CDATA[]]></system-err>
</testsuite>
